18/Apr/2022:11:00:50 978 [MiniCal.java] [INFO] Code.MiniCal [FACTORIAL] - 5
18/Apr/2022:11:00:50 999 [MiniCal.java] [INFO] Code.MiniCal [RESULT - FACTORIAL] - 120.0
18/Apr/2022:11:00:51 003 [MiniCal.java] [INFO] Code.MiniCal [LOG] - 245.256
18/Apr/2022:11:00:51 004 [MiniCal.java] [INFO] Code.MiniCal [RESULT - LOG] - 5.502302562978017
18/Apr/2022:11:00:51 010 [MiniCal.java] [INFO] Code.MiniCal [LOG] - 145.256
18/Apr/2022:11:00:51 010 [MiniCal.java] [INFO] Code.MiniCal [RESULT - LOG] - 4.978497702968366
18/Apr/2022:11:00:51 015 [MiniCal.java] [INFO] Code.MiniCal [POWER] - 3.0, 2.0
18/Apr/2022:11:00:51 015 [MiniCal.java] [INFO] Code.MiniCal [RESULT - POWER] - 9.0
18/Apr/2022:11:00:51 022 [MiniCal.java] [INFO] Code.MiniCal [ROOT] - 16.0
18/Apr/2022:11:00:51 023 [MiniCal.java] [INFO] Code.MiniCal [RESULT - ROOT] - 4.0
18/Apr/2022:11:00:51 026 [MiniCal.java] [INFO] Code.MiniCal [ROOT] - 17.0
18/Apr/2022:11:00:51 027 [MiniCal.java] [INFO] Code.MiniCal [RESULT - ROOT] - 4.123105625617661
18/Apr/2022:11:00:51 029 [MiniCal.java] [INFO] Code.MiniCal [FACTORIAL] - 6
18/Apr/2022:11:00:51 030 [MiniCal.java] [INFO] Code.MiniCal [RESULT - FACTORIAL] - 720.0
18/Apr/2022:11:00:51 031 [MiniCal.java] [INFO] Code.MiniCal [POWER] - 2.0, 3.0
18/Apr/2022:11:00:51 031 [MiniCal.java] [INFO] Code.MiniCal [RESULT - POWER] - 8.0
18/Apr/2022:11:09:25 577 [MiniCal.java] [INFO] Code.MiniCal [FACTORIAL] - 5
18/Apr/2022:11:09:25 599 [MiniCal.java] [INFO] Code.MiniCal [RESULT - FACTORIAL] - 120.0
18/Apr/2022:11:23:14 059 [MiniCal.java] [INFO] Code.MiniCal [FACTORIAL] - 5
18/Apr/2022:11:23:14 082 [MiniCal.java] [INFO] Code.MiniCal [RESULT - FACTORIAL] - 120.0
18/Apr/2022:12:09:29 416 [MiniCal.java] [INFO] Code.MiniCal [FACTORIAL] - 6
18/Apr/2022:12:09:29 435 [MiniCal.java] [INFO] Code.MiniCal [RESULT - FACTORIAL] - 720.0
18/Apr/2022:12:09:29 439 [MiniCal.java] [INFO] Code.MiniCal [LOG] - 245.256
18/Apr/2022:12:09:29 439 [MiniCal.java] [INFO] Code.MiniCal [RESULT - LOG] - 5.502302562978017
18/Apr/2022:12:09:29 446 [MiniCal.java] [INFO] Code.MiniCal [LOG] - 145.256
18/Apr/2022:12:09:29 447 [MiniCal.java] [INFO] Code.MiniCal [RESULT - LOG] - 4.978497702968366
18/Apr/2022:12:09:29 452 [MiniCal.java] [INFO] Code.MiniCal [POWER] - 3.0, 4.0
18/Apr/2022:12:09:29 453 [MiniCal.java] [INFO] Code.MiniCal [RESULT - POWER] - 81.0
18/Apr/2022:12:09:29 456 [MiniCal.java] [INFO] Code.MiniCal [ROOT] - 25.0
18/Apr/2022:12:09:29 457 [MiniCal.java] [INFO] Code.MiniCal [RESULT - ROOT] - 5.0
18/Apr/2022:12:09:29 466 [MiniCal.java] [INFO] Code.MiniCal [ROOT] - 19.0
18/Apr/2022:12:09:29 466 [MiniCal.java] [INFO] Code.MiniCal [RESULT - ROOT] - 4.358898943540674
18/Apr/2022:12:09:29 471 [MiniCal.java] [INFO] Code.MiniCal [FACTORIAL] - 7
18/Apr/2022:12:09:29 472 [MiniCal.java] [INFO] Code.MiniCal [RESULT - FACTORIAL] - 5040.0
18/Apr/2022:12:09:29 473 [MiniCal.java] [INFO] Code.MiniCal [POWER] - 4.0, 3.0
18/Apr/2022:12:09:29 473 [MiniCal.java] [INFO] Code.MiniCal [RESULT - POWER] - 64.0
